0 info it worked if it ends with ok
1 verbose cli [ '/usr/bin/nodejs', '/usr/bin/npm', 'run', 'watch' ]
2 info using npm@3.5.2
3 info using node@v4.2.6
4 verbose run-script [ 'prewatch', 'watch', 'postwatch' ]
5 info lifecycle first_project@1.0.0~prewatch: first_project@1.0.0
6 silly lifecycle first_project@1.0.0~prewatch: no script for prewatch, continuing
7 info lifecycle first_project@1.0.0~watch: first_project@1.0.0
8 verbose lifecycle first_project@1.0.0~watch: unsafe-perm in lifecycle true
9 verbose lifecycle first_project@1.0.0~watch: PATH: /usr/share/npm/bin/node-gyp-bin:/mnt/d/Study/MERN stack/node_modules/.bin:/usr/local/sbin:/usr/local/bin:/usr/sbin:/usr/bin:/sbin:/bin:/usr/games:/usr/local/games:/mnt/c/Windows/System32:/mnt/c/Windows:/mnt/c/Windows/System32/wbem:/mnt/c/Windows/System32/WindowsPowerShell/v1.0:/mnt/c/Program Files/Microsoft DNX/Dnvm:/mnt/c/Program Files/Microsoft SQL Server/120/Tools/Binn:/mnt/c/Program Files/Microsoft SQL Server/130/Tools/Binn:/mnt/c/Program Files/OpenVPN/bin:/mnt/c/Program Files/nodejs:/mnt/c/Program Files/Microsoft SQL Server/Client SDK/ODBC/110/Tools/Binn:/mnt/c/Program Files (x86)/Microsoft SQL Server/120/Tools/Binn/ManagementStudio:/mnt/c/Program Files (x86)/Microsoft SQL Server/120/Tools/Binn:/mnt/c/Program Files (x86)/Microsoft SQL Server/120/DTS/Binn:/mnt/c/Program Files/Microsoft SQL Server/120/DTS/Binn:/mnt/c/Program Files/Git/cmd:/mnt/c/Users/QianWeng/AppData/Local/Microsoft/WindowsApps:/mnt/c/Users/QianWeng/AppData/Roaming/npm:/mnt/c/Program Files (x86)/Microsoft VS Code/bin
10 verbose lifecycle first_project@1.0.0~watch: CWD: /mnt/d/Study/MERN stack
11 silly lifecycle first_project@1.0.0~watch: Args: [ '-c', 'webpack --watch' ]
12 silly lifecycle first_project@1.0.0~watch: Returned: code: 1  signal: null
13 info lifecycle first_project@1.0.0~watch: Failed to exec watch script
14 verbose stack Error: first_project@1.0.0 watch: `webpack --watch`
14 verbose stack Exit status 1
14 verbose stack     at EventEmitter.<anonymous> (/usr/share/npm/lib/utils/lifecycle.js:232:16)
14 verbose stack     at emitTwo (events.js:87:13)
14 verbose stack     at EventEmitter.emit (events.js:172:7)
14 verbose stack     at ChildProcess.<anonymous> (/usr/share/npm/lib/utils/spawn.js:24:14)
14 verbose stack     at emitTwo (events.js:87:13)
14 verbose stack     at ChildProcess.emit (events.js:172:7)
14 verbose stack     at maybeClose (internal/child_process.js:821:16)
14 verbose stack     at Process.ChildProcess._handle.onexit (internal/child_process.js:211:5)
15 verbose pkgid first_project@1.0.0
16 verbose cwd /mnt/d/Study/MERN stack
17 error Linux 4.4.0-43-Microsoft
18 error argv "/usr/bin/nodejs" "/usr/bin/npm" "run" "watch"
19 error node v4.2.6
20 error npm  v3.5.2
21 error code ELIFECYCLE
22 error first_project@1.0.0 watch: `webpack --watch`
22 error Exit status 1
23 error Failed at the first_project@1.0.0 watch script 'webpack --watch'.
23 error Make sure you have the latest version of node.js and npm installed.
23 error If you do, this is most likely a problem with the first_project package,
23 error not with npm itself.
23 error Tell the author that this fails on your system:
23 error     webpack --watch
23 error You can get information on how to open an issue for this project with:
23 error     npm bugs first_project
23 error Or if that isn't available, you can get their info via:
23 error     npm owner ls first_project
23 error There is likely additional logging output above.
24 verbose exit [ 1, true ]
